2024-12-06 19:00:37,304 [Worker-6: Loading available Gradle versions] INFO  o.e.b.c.i.u.g.PublishedGradleVersions - Gradle version information cache is up-to-date. Trying to read.
2024-12-06 19:06:34,128 [Start Help Server] INFO  org.eclipse.jetty.server.Server - jetty-12.0.15; built: 2024-11-05T19:44:57.623Z; git: 8281ae9740d4b4225e8166cc476bad237c70213a; jvm 23.0.1+11-39
2024-12-06 19:06:34,356 [Start Help Server] INFO  o.e.j.server.handler.ContextHandler - Started oeje8n.ContextHandler$CoreContextHandler@31d48423{/help,/help,b=null,a=AVAILABLE,h=oeje8n.ContextHandler$CoreContextHandler$CoreToNestedHandler@524eb5e1{STARTED}}
2024-12-06 19:06:34,356 [Start Help Server] INFO  o.e.j.s.DefaultSessionIdManager - Session workerName=node0
2024-12-06 19:06:34,373 [Start Help Server] INFO  o.e.jetty.server.AbstractConnector - Started ServerConnector@5a425949{HTTP/1.1, (http/1.1)}{127.0.0.1:56412}
2024-12-06 19:06:34,386 [Start Help Server] INFO  org.eclipse.jetty.server.Server - Started oejs.Server@94cc388{STARTING}[12.0.15,sto=0] @431142ms
2024-12-09 01:30:59,595 [Stop Help Server] INFO  org.eclipse.jetty.server.Server - Stopped oejs.Server@94cc388{STOPPING}[12.0.15,sto=0]
2024-12-09 01:30:59,635 [Stop Help Server] INFO  o.e.jetty.server.AbstractConnector - Stopped ServerConnector@5a425949{HTTP/1.1, (http/1.1)}{127.0.0.1:0}
2024-12-09 01:32:16,927 [Worker-4: Loading available Gradle versions] INFO  o.e.b.c.i.u.g.PublishedGradleVersions - Gradle version information cache is out-of-date. Trying to update.
2024-12-09 02:01:23,535 [Worker-34: Update Maven projects configuration] INFO  o.e.m.c.i.p.ProjectConfigurationManager - Update started
2024-12-09 02:01:24,858 [Worker-34: Update Maven projects configuration] INFO  o.e.m.c.i.l.LifecycleMappingFactory - Using org.eclipse.m2e.jdt.JarLifecycleMapping lifecycle mapping for MavenProject: com.testTec:taskManager:0.0.1-SNAPSHOT @ D:\letto\Desktop\TaskManager\Nueva carpeta\taskManager(1)\pom.xml.
2024-12-09 02:01:31,439 [Worker-34: Update Maven projects configuration] INFO  o.e.m.j.i.AbstractJavaProjectConfigurator - Adding source folder /taskManager(1)/src/main/java
2024-12-09 02:01:31,441 [Worker-34: Update Maven projects configuration] INFO  o.e.m.j.i.AbstractJavaProjectConfigurator - Adding resource folder /taskManager(1)/src/main/resources
2024-12-09 02:01:31,462 [Worker-34: Update Maven projects configuration] INFO  o.e.m.j.i.AbstractJavaProjectConfigurator - Adding resource folder /taskManager(1)/src/main/resources
2024-12-09 02:01:31,470 [Worker-34: Update Maven projects configuration] INFO  o.e.m.j.i.AbstractJavaProjectConfigurator - Adding source folder /taskManager(1)/src/test/java
2024-12-09 02:01:31,471 [Worker-34: Update Maven projects configuration] INFO  o.e.m.j.i.AbstractJavaProjectConfigurator - Adding resource folder /taskManager(1)/src/test/resources
2024-12-09 02:01:32,040 [Worker-34: Update Maven projects configuration] INFO  o.e.m.c.i.p.ProjectConfigurationManager - Update completed for 1 poms: local refresh takes 0,00 sec, refresh facades takes 7,00 sec, update config takes 0,00 sec 
2024-12-09 02:02:39,877 [Worker-34: Building] INFO  o.a.m.s.f.DefaultMavenResourcesFiltering - Copying 1 resource from src\main\resources to target\classes
2024-12-09 02:02:39,889 [Worker-34: Building] INFO  o.a.m.s.f.DefaultMavenResourcesFiltering - Copying 0 resource from src\main\resources to target\classes
2024-12-09 02:02:39,893 [Worker-34: Building] INFO  o.a.m.s.f.DefaultMavenResourcesFiltering - skip non existing resourceDirectory D:\letto\Desktop\TaskManager\Nueva carpeta\taskManager(1)\src\test\resources
